#
# There is insufficient memory for the Java Runtime Environment to continue.
# Native memory allocation (mmap) failed to map 134217728 bytes for G1 virtual space
# Possible reasons:
#   The system is out of physical RAM or swap space
#   The process is running with CompressedOops enabled, and the Java Heap may be blocking the growth of the native heap
# Possible solutions:
#   Reduce memory load on the system
#   Increase physical memory or swap space
#   Check if swap backing store is full
#   Decrease Java heap size (-Xmx/-Xms)
#   Decrease number of Java threads
#   Decrease Java thread stack sizes (-Xss)
#   Set larger code cache with -XX:ReservedCodeCacheSize=
#   JVM is running with Unscaled Compressed Oops mode in which the Java heap is
#     placed in the first 4GB address space. The Java Heap base address is the
#     maximum limit for the native heap growth. Please use -XX:HeapBaseMinAddress
#     to set the Java Heap base and to place the Java Heap above 4GB virtual address.
# This output file may be truncated or incomplete.
#
#  Out of Memory Error (os_windows.cpp:3532), pid=15460, tid=20572
#
# JRE version:  (17.0.2+8) (build )
# Java VM: OpenJDK 64-Bit Server VM (17.0.2+8, mixed mode, sharing, tiered, compressed oops, compressed class ptrs, g1 gc, windows-amd64)
# No core dump will be written. Minidumps are not enabled by default on client versions of Windows
#

---------------  S U M M A R Y ------------

Command Line: -ea -Dfile.encoding=Cp1252 -XX:+ShowCodeDetailsInExceptionMessages org.testng.remote.RemoteTestNG -serport 63891 -protocol json -d C:\Users\AFQ-EG-LPTP-111\eclipse-workspace\store\test-output C:\Users\AFQ-EG~1\AppData\Local\Temp\testng-eclipse-1326882745\testng-customsuite.xml

Host: Intel(R) Core(TM) i5-8250U CPU @ 1.60GHz, 8 cores, 7G,  Windows 10 , 64 bit Build 17758 (10.0.17758.1)
Time: Fri Aug  5 22:24:44 2022 Arab Standard Time elapsed time: 0.008130 seconds (0d 0h 0m 0s)

---------------  T H R E A D  ---------------

Current thread (0x0000017c7f7e8ac0):  JavaThread "Unknown thread" [_thread_in_vm, id=20572, stack(0x0000001d0ad00000,0x0000001d0ae00000)]

Stack: [0x0000001d0ad00000,0x0000001d0ae00000]
Native frames: (J=compiled Java code, j=interpreted, Vv=VM code, C=native code)
V  [jvm.dll+0x67564a]
V  [jvm.dll+0x82fc04]
V  [jvm.dll+0x8313ae]
V  [jvm.dll+0x831a13]
V  [jvm.dll+0x245235]
V  [jvm.dll+0x672539]
V  [jvm.dll+0x666e82]
V  [jvm.dll+0x30401b]
V  [jvm.dll+0x30b566]
V  [jvm.dll+0x35b1fe]
V  [jvm.dll+0x35b42f]
V  [jvm.dll+0x2daf58]
V  [jvm.dll+0x2dbec4]
V  [jvm.dll+0x801881]
V  [jvm.dll+0x368f81]
V  [jvm.dll+0x7e0cdc]
V  [jvm.dll+0x3eb8bf]
V  [jvm.dll+0x3ed441]
C  [jli.dll+0x5277]
C  [ucrtbase.dll+0x203ba]
C  [KERNEL32.DLL+0x17e94]
C  [ntdll.dll+0x67ad1]


---------------  P R O C E S S  ---------------

Threads class SMR info:
_java_thread_list=0x00007ff993e55e98, length=0, elements={
}

Java Threads: ( => current thread )

Other Threads:
  0x0000017c7f824ac0 GCTaskThread "GC Thread#0" [stack: 0x0000001d0ae00000,0x0000001d0af00000] [id=20484]
  0x0000017c7f836070 ConcurrentGCThread "G1 Main Marker" [stack: 0x0000001d0af00000,0x0000001d0b000000] [id=19932]
  0x0000017c7f838240 ConcurrentGCThread "G1 Conc#0" [stack: 0x0000001d0b000000,0x0000001d0b100000] [id=5936]

[error occurred during error reporting (printing all threads), id 0xc0000005, EXCEPTION_ACCESS_VIOLATION (0xc0000005) at pc=0x00007ff99362b9d7]

VM state: not at safepoint (not fully initialized)

VM Mutex/Monitor currently owned by a thread:  ([mutex/lock_event])
[0x0000017c7f7e6b40] Heap_lock - owner thread: 0x0000017c7f7e8ac0

Heap address: 0x0000000081e00000, size: 2018 MB, Compressed Oops mode: 32-bit

CDS archive(s) mapped at: [0x0000000000000000-0x0000000000000000-0x0000000000000000), size 0, SharedBaseAddress: 0x0000000800000000, ArchiveRelocationMode: 0.
Narrow klass base: 0x0000000000000000, Narrow klass shift: 0, Narrow klass range: 0x0

GC Precious Log:
<Empty>

Heap:
 garbage-first heap   total 0K, used 0K [0x0000000081e00000, 0x0000000100000000)
  region size 1024K, 0 young (0K), 0 survivors (0K)

[error occurred during error reporting (printing heap information), id 0xc0000005, EXCEPTION_ACCESS_VIOLATION (0xc0000005) at pc=0x00007ff993a0e899]

GC Heap History (0 events):
No events

Deoptimization events (0 events):
No events

Classes unloaded (0 events):
No events

Classes redefined (0 events):
No events

Internal exceptions (0 events):
No events

VM Operations (0 events):
No events

Events (1 events):
Event: 0.005 Loaded shared library C:\Users\AFQ-EG-LPTP-111\Desktop\Automatest\eclipse\plugins\org.eclipse.justj.openjdk.hotspot.jre.full.win32.x86_64_17.0.2.v20220201-1208\jre\bin\java.dll


Dynamic libraries:
0x00007ff72ab30000 - 0x00007ff72ab3e000 	C:\Users\AFQ-EG-LPTP-111\Desktop\Automatest\eclipse\plugins\org.eclipse.justj.openjdk.hotspot.jre.full.win32.x86_64_17.0.2.v20220201-1208\jre\bin\javaw.exe
0x00007ff9e2050000 - 0x00007ff9e223d000 	C:\Windows\SYSTEM32\ntdll.dll
0x00007ff9e1380000 - 0x00007ff9e1433000 	C:\Windows\System32\KERNEL32.DLL
0x00007ff9de210000 - 0x00007ff9de4a3000 	C:\Windows\System32\KERNELBASE.dll
0x00007ff9de4b0000 - 0x00007ff9de5ac000 	C:\Windows\System32\ucrtbase.dll
0x00007ff9d9360000 - 0x00007ff9d9378000 	C:\Users\AFQ-EG-LPTP-111\Desktop\Automatest\eclipse\plugins\org.eclipse.justj.openjdk.hotspot.jre.full.win32.x86_64_17.0.2.v20220201-1208\jre\bin\jli.dll
0x00007ff9d9430000 - 0x00007ff9d9449000 	C:\Users\AFQ-EG-LPTP-111\Desktop\Automatest\eclipse\plugins\org.eclipse.justj.openjdk.hotspot.jre.full.win32.x86_64_17.0.2.v20220201-1208\jre\bin\VCRUNTIME140.dll
0x00007ff9df310000 - 0x00007ff9df4a7000 	C:\Windows\System32\USER32.dll
0x00007ff9df200000 - 0x00007ff9df220000 	C:\Windows\System32\win32u.dll
0x00007ff9cc420000 - 0x00007ff9cc699000 	C:\Windows\WinSxS\amd64_microsoft.windows.common-controls_6595b64144ccf1df_6.0.17758.1_none_f04561a4ff3c0a8f\COMCTL32.dll
0x00007ff9df4b0000 - 0x00007ff9df4d9000 	C:\Windows\System32\GDI32.dll
0x00007ff9e1570000 - 0x00007ff9e160e000 	C:\Windows\System32\msvcrt.dll
0x00007ff9de6b0000 - 0x00007ff9de84a000 	C:\Windows\System32\gdi32full.dll
0x00007ff9e1ac0000 - 0x00007ff9e1dee000 	C:\Windows\System32\combase.dll
0x00007ff9de150000 - 0x00007ff9de1f0000 	C:\Windows\System32\msvcp_win.dll
0x00007ff9e1440000 - 0x00007ff9e1563000 	C:\Windows\System32\RPCRT4.dll
0x00007ff9dea30000 - 0x00007ff9deaae000 	C:\Windows\System32\bcryptPrimitives.dll
0x00007ff9df2e0000 - 0x00007ff9df30e000 	C:\Windows\System32\IMM32.DLL
0x00007ff9d9820000 - 0x00007ff9d982c000 	C:\Users\AFQ-EG-LPTP-111\Desktop\Automatest\eclipse\plugins\org.eclipse.justj.openjdk.hotspot.jre.full.win32.x86_64_17.0.2.v20220201-1208\jre\bin\vcruntime140_1.dll
0x00007ff9be460000 - 0x00007ff9be4f1000 	C:\Users\AFQ-EG-LPTP-111\Desktop\Automatest\eclipse\plugins\org.eclipse.justj.openjdk.hotspot.jre.full.win32.x86_64_17.0.2.v20220201-1208\jre\bin\msvcp140.dll
0x00007ff993340000 - 0x00007ff993f87000 	C:\Users\AFQ-EG-LPTP-111\Desktop\Automatest\eclipse\plugins\org.eclipse.justj.openjdk.hotspot.jre.full.win32.x86_64_17.0.2.v20220201-1208\jre\bin\server\jvm.dll
0x00007ff9dfa90000 - 0x00007ff9dfb33000 	C:\Windows\System32\ADVAPI32.dll
0x00007ff9e1030000 - 0x00007ff9e10ce000 	C:\Windows\System32\sechost.dll
0x00007ff9e1110000 - 0x00007ff9e1118000 	C:\Windows\System32\PSAPI.DLL
0x00007ff9cb2f0000 - 0x00007ff9cb2f9000 	C:\Windows\SYSTEM32\WSOCK32.dll
0x00007ff9d4b70000 - 0x00007ff9d4b7a000 	C:\Windows\SYSTEM32\VERSION.dll
0x00007ff9dae30000 - 0x00007ff9dae54000 	C:\Windows\SYSTEM32\WINMM.dll
0x00007ff9e1e50000 - 0x00007ff9e1ebd000 	C:\Windows\System32\WS2_32.dll
0x00007ff9dae00000 - 0x00007ff9dae2d000 	C:\Windows\SYSTEM32\winmmbase.dll
0x00007ff9de660000 - 0x00007ff9de6aa000 	C:\Windows\System32\cfgmgr32.dll
0x00007ff9de0d0000 - 0x00007ff9de0e1000 	C:\Windows\System32\kernel.appcore.dll
0x00007ff9daf20000 - 0x00007ff9daf2a000 	C:\Users\AFQ-EG-LPTP-111\Desktop\Automatest\eclipse\plugins\org.eclipse.justj.openjdk.hotspot.jre.full.win32.x86_64_17.0.2.v20220201-1208\jre\bin\jimage.dll
0x00007ff9cec00000 - 0x00007ff9ceded000 	C:\Windows\SYSTEM32\DBGHELP.DLL
0x00007ff9ce1f0000 - 0x00007ff9ce21a000 	C:\Windows\SYSTEM32\dbgcore.DLL
0x00007ff9d07d0000 - 0x00007ff9d07f5000 	C:\Users\AFQ-EG-LPTP-111\Desktop\Automatest\eclipse\plugins\org.eclipse.justj.openjdk.hotspot.jre.full.win32.x86_64_17.0.2.v20220201-1208\jre\bin\java.dll

dbghelp: loaded successfully - version: 4.0.5 - missing functions: none
symbol engine: initialized successfully - sym options: 0x614 - pdb path: .;C:\Users\AFQ-EG-LPTP-111\Desktop\Automatest\eclipse\plugins\org.eclipse.justj.openjdk.hotspot.jre.full.win32.x86_64_17.0.2.v20220201-1208\jre\bin;C:\Windows\SYSTEM32;C:\Windows\WinSxS\amd64_microsoft.windows.common-controls_6595b64144ccf1df_6.0.17758.1_none_f04561a4ff3c0a8f;C:\Users\AFQ-EG-LPTP-111\Desktop\Automatest\eclipse\plugins\org.eclipse.justj.openjdk.hotspot.jre.full.win32.x86_64_17.0.2.v20220201-1208\jre\bin\server

VM Arguments:
jvm_args: -ea -Dfile.encoding=Cp1252 -XX:+ShowCodeDetailsInExceptionMessages 
java_command: org.testng.remote.RemoteTestNG -serport 63891 -protocol json -d C:\Users\AFQ-EG-LPTP-111\eclipse-workspace\store\test-output C:\Users\AFQ-EG~1\AppData\Local\Temp\testng-eclipse-1326882745\testng-customsuite.xml
java_class_path (initial): C:\Users\AFQ-EG-LPTP-111\Desktop\Automatest\eclipse\configuration\org.eclipse.osgi\439\0\.cp\lib\testng-remote.jar;C:\Users\AFQ-EG-LPTP-111\eclipse-workspace\store\target\test-classes;C:\Users\AFQ-EG-LPTP-111\eclipse-workspace\store\target\classes;C:\Users\AFQ-EG-LPTP-111\.m2\repository\org\seleniumhq\selenium\selenium-java\4.2.2\selenium-java-4.2.2.jar;C:\Users\AFQ-EG-LPTP-111\.m2\repository\org\seleniumhq\selenium\selenium-api\4.2.2\selenium-api-4.2.2.jar;C:\Users\AFQ-EG-LPTP-111\.m2\repository\org\seleniumhq\selenium\selenium-chrome-driver\4.2.2\selenium-chrome-driver-4.2.2.jar;C:\Users\AFQ-EG-LPTP-111\.m2\repository\com\google\auto\service\auto-service-annotations\1.0.1\auto-service-annotations-1.0.1.jar;C:\Users\AFQ-EG-LPTP-111\.m2\repository\com\google\auto\service\auto-service\1.0.1\auto-service-1.0.1.jar;C:\Users\AFQ-EG-LPTP-111\.m2\repository\com\google\auto\auto-common\1.2\auto-common-1.2.jar;C:\Users\AFQ-EG-LPTP-111\.m2\repository\com\google\guava\guava\31.1-jre\guava-31.1-jre.jar;C:\Users\AFQ-EG-LPTP-111\.m2\repository\com\google\guava\failureaccess\1.0.1\failureaccess-1.0.1.jar;C:\Users\AFQ-EG-LPTP-111\.m2\repository\com\google\guava\listenablefuture\9999.0-empty-to-avoid-conflict-with-guava\listenablefuture-9999.0-empty-to-avoid-conflict-with-guava.jar;C:\Users\AFQ-EG-LPTP-111\.m2\repository\org\checkerframework\checker-qual\3.12.0\checker-qual-3.12.0.jar;C:\Users\AFQ-EG-LPTP-111\.m2\repository\com\google\errorprone\error_prone_annotations\2.11.0\error_prone_annotations-2.11.0.jar;C:\Users\AFQ-EG-LPTP-111\.m2\repository\com\google\j2objc\j2objc-annotations\1.3\j2objc-annotations-1.3.jar;C:\Users\AFQ-EG-LPTP-111\.m2\repository\org\seleniumhq\selenium\selenium-chromium-driver\4.2.2\selenium-chromium-driver-4.2.2.jar;C:\Users\AFQ-EG-LPTP-111\.m2\repository\org\seleniumhq\selenium\selenium-json\4.2.2\selenium-json-4.2.2.jar;C:\Users\AFQ-EG-LPTP-111\.m2\repository\org\seleniumhq\selenium\selenium-devtools-v100\4.2.2\selenium-dev
Launcher Type: SUN_STANDARD

[Global flags]
     intx CICompilerCount                          = 4                                         {product} {ergonomic}
     uint ConcGCThreads                            = 2                                         {product} {ergonomic}
     uint G1ConcRefinementThreads                  = 8                                         {product} {ergonomic}
   size_t G1HeapRegionSize                         = 1048576                                   {product} {ergonomic}
    uintx GCDrainStackTargetSize                   = 64                                        {product} {ergonomic}
   size_t InitialHeapSize                          = 134217728                                 {product} {ergonomic}
   size_t MarkStackSize                            = 4194304                                   {product} {ergonomic}
   size_t MaxHeapSize                              = 2116026368                                {product} {ergonomic}
   size_t MinHeapDeltaBytes                        = 1048576                                   {product} {ergonomic}
   size_t MinHeapSize                              = 8388608                                   {product} {ergonomic}
    uintx NonNMethodCodeHeapSize                   = 5839372                                {pd product} {ergonomic}
    uintx NonProfiledCodeHeapSize                  = 122909434                              {pd product} {ergonomic}
    uintx ProfiledCodeHeapSize                     = 122909434                              {pd product} {ergonomic}
    uintx ReservedCodeCacheSize                    = 251658240                              {pd product} {ergonomic}
     bool SegmentedCodeCache                       = true                                      {product} {ergonomic}
     bool ShowCodeDetailsInExceptionMessages       = true                                   {manageable} {command line}
   size_t SoftMaxHeapSize                          = 2116026368                             {manageable} {ergonomic}
     bool UseCompressedClassPointers               = true                           {product lp64_product} {ergonomic}
     bool UseCompressedOops                        = true                           {product lp64_product} {ergonomic}
     bool UseG1GC                                  = true                                      {product} {ergonomic}
     bool UseLargePagesIndividualAllocation        = false                                  {pd product} {ergonomic}

Logging:
Log output configuration:
 #0: stdout all=warning uptime,level,tags
 #1: stderr all=off uptime,level,tags

Environment Variables:
JAVA_HOME=C:\Program Files\Java\jre1.8.0_331
PATH=C:/Users/AFQ-EG-LPTP-111/Desktop/Automatest/eclipse//plugins/org.eclipse.justj.openjdk.hotspot.jre.full.win32.x86_64_17.0.2.v20220201-1208/jre/bin/server;C:/Users/AFQ-EG-LPTP-111/Desktop/Automatest/eclipse//plugins/org.eclipse.justj.openjdk.hotspot.jre.full.win32.x86_64_17.0.2.v20220201-1208/jre/bin;C:\Program Files\Common Files\Oracle\Java\javapath;C:\Program Files\Java\jre1.8.0_331\bin;C:\Program Files\Git\cmd;C:\Users\AFQ-EG-LPTP-111\AppData\Local\Programs\Python\Python310\Scripts\;C:\Users\AFQ-EG-LPTP-111\AppData\Local\Programs\Python\Python310\;C:\Users\AFQ-EG-LPTP-111\AppData\Local\Microsoft\WindowsApps;C:\Program Files\heroku\bin;C:\Users\AFQ-EG-LPTP-111\Desktop\Automatest\eclipse;
USERNAME=AFQ-EG-LPTP-111
OS=Windows_NT
PROCESSOR_IDENTIFIER=Intel64 Family 6 Model 142 Stepping 10, GenuineIntel



---------------  S Y S T E M  ---------------

OS:
 Windows 10 , 64 bit Build 17758 (10.0.17758.1)
OS uptime: 4 days 7:05 hours

CPU: total 8 (initial active 8) (4 cores per cpu, 2 threads per core) family 6 model 142 stepping 10 microcode 0x84, cx8, cmov, fxsr, ht, mmx, 3dnowpref, sse, sse2, sse3, ssse3, sse4.1, sse4.2, popcnt, lzcnt, tsc, tscinvbit, avx, avx2, aes, erms, clmul, bmi1, bmi2, adx, fma, vzeroupper, clflush, clflushopt

Memory: 4k page, system-wide physical 8066M (1560M free)
TotalPageFile size 24106M (AvailPageFile size 68M)
current process WorkingSet (physical memory assigned to process): 10M, peak: 10M
current process commit charge ("private bytes"): 60M, peak: 188M

vm_info: OpenJDK 64-Bit Server VM (17.0.2+8) for windows-amd64 JRE (17.0.2+8), built on Jan 20 2022 04:52:34 by "" with MS VC++ 16.7 (VS2019)

END.
